library/build/outputs/logs/manifest-merger-release-report.txt
-- Merging decision tree log ---
manifest
ADDED from secondapk/library/AndroidManifest.xml:2:1-9:12
INJECTED from secondapk/library/AndroidManifest.xml:2:1-9:12
INJECTED from secondapk/library/AndroidManifest.xml:2:1-9:12
INJECTED from secondapk/library/AndroidManifest.xml:2:1-9:12
INJECTED from secondapk/library/AndroidManifest.xml:2:1-9:12
INJECTED from secondapk/library/AndroidManifest.xml:2:1-9:12
INJECTED from secondapk/library/AndroidManifest.xml:2:1-9:12
	package
		ADDED from secondapk/library/AndroidManifest.xml:3:5-50
		INJECTED from secondapk/library/AndroidManifest.xml
		INJECTED from secondapk/library/AndroidManifest.xml
	android:versionName
		ADDED from secondapk/library/AndroidManifest.xml:5:5-30
		INJECTED from secondapk/library/AndroidManifest.xml
		INJECTED from secondapk/library/AndroidManifest.xml
	xmlns:android
		ADDED from secondapk/library/AndroidManifest.xml:2:11-69
	android:versionCode
		ADDED from secondapk/library/AndroidManifest.xml:4:5-28
		INJECTED from secondapk/library/AndroidManifest.xml
		INJECTED from secondapk/library/AndroidManifest.xml
uses-sdk
INJECTED from secondapk/library/AndroidManifest.xml reason: use-sdk injection requested
INJECTED from secondapk/library/AndroidManifest.xml
INJECTED from secondapk/library/AndroidManifest.xml
INJECTED from secondapk/library/AndroidManifest.xml
INJECTED from secondapk/library/AndroidManifest.xml
	android:targetSdkVersion
		INJECTED from secondapk/library/AndroidManifest.xml
		ADDED from secondapk/library/AndroidManifest.xml
		INJECTED from secondapk/library/AndroidManifest.xml
	android:minSdkVersion
		INJECTED from secondapk/library/AndroidManifest.xml
		ADDED from secondapk/library/AndroidManifest.xml
		INJECTED from secondapk/library/AndroidManifest.xml